<?xml version="1.0" encoding="UTF-8"?>
<!-- Generated by org.testng.reporters.JUnitReportReporter -->
<testsuite hostname="Subs-Machine" failures="0" tests="2" name="test.TestNgDay1" time="0.013" errors="0" timestamp="2022-05-06T08:40:02 IST" skipped="0">
  <testcase classname="test.TestNgDay1" name="demo" time="0.012"/>
  <system-out/>
  <testcase classname="test.TestNgDay1" name="secondTestCase" time="0.001"/>
  <system-out/>
</testsuite> <!-- test.TestNgDay1 -->
