<?xml version="1.0" encoding="UTF-8"?>
<!-- Generated by org.testng.reporters.JUnitReportReporter -->
<testsuite hostname="Subs-Machine" failures="0" tests="7" name="test.TestNgDay5" time="0.017" errors="0" timestamp="2022-05-06T21:47:33 IST" skipped="1">
  <testcase classname="test.TestNgDay5" name="testcase7" time="0.002"/>
  <system-out/>
  <testcase classname="test.TestNgDay5" name="testcase6" time="0.007"/>
  <system-out/>
  <testcase classname="test.TestNgDay5" name="testcase1" time="0.001"/>
  <system-out/>
  <testcase classname="test.TestNgDay5" name="testcase3" time="0.001"/>
  <system-out/>
  <testcase classname="test.TestNgDay5" name="testcase2" time="0.004"/>
  <system-out/>
  <testcase classname="test.TestNgDay5" name="testcase4" time="0.002"/>
  <system-out/>
  <testcase classname="test.TestNgDay5" name="testcase5">
    <skipped/>
  </testcase> <!-- testcase5 -->
  <system-out/>
</testsuite> <!-- test.TestNgDay5 -->
