<?xml version="1.0" encoding="UTF-8"?>
<!-- Generated by org.testng.reporters.JUnitReportReporter -->
<testsuite hostname="Subs-Machine" failures="0" tests="1" name="test.TestNgDay2" time="0.001" errors="0" timestamp="2022-05-06T08:40:02 IST" skipped="0">
  <testcase classname="test.TestNgDay2" name="personalLoanTC" time="0.001"/>
  <system-out/>
</testsuite> <!-- test.TestNgDay2 -->
