<?xml version="1.0" encoding="UTF-8"?>
<!-- Generated by org.testng.reporters.JUnitReportReporter -->
<testsuite hostname="Subs-Machine" failures="0" tests="11" name="test.TestNgDay5" time="0.025" errors="0" timestamp="2022-05-06T22:57:06 IST" skipped="2">
  <testcase classname="test.TestNgDay5" name="testcase6" time="0.006"/>
  <system-out/>
  <testcase classname="test.TestNgDay5" name="testcase2" time="0.009"/>
  <system-out/>
  <testcase classname="test.TestNgDay5" name="testcase1" time="0.002"/>
  <system-out/>
  <testcase classname="test.TestNgDay5" name="testcase9" time="0.002"/>
  <system-out/>
  <testcase classname="test.TestNgDay5" name="testcase4" time="0.001"/>
  <system-out/>
  <testcase classname="test.TestNgDay5" name="testcase9" time="0.001"/>
  <system-out/>
  <testcase classname="test.TestNgDay5" name="testcase3" time="0.002"/>
  <system-out/>
  <testcase classname="test.TestNgDay5" name="testcase7" time="0.001"/>
  <system-out/>
  <testcase classname="test.TestNgDay5" name="testcase9" time="0.001"/>
  <system-out/>
  <testcase classname="test.TestNgDay5" name="testcase8">
    <skipped/>
  </testcase> <!-- testcase8 -->
  <system-out/>
  <testcase classname="test.TestNgDay5" name="testcase5">
    <skipped/>
  </testcase> <!-- testcase5 -->
  <system-out/>
</testsuite> <!-- test.TestNgDay5 -->
