<?xml version="1.0" encoding="UTF-8"?>
<!-- Generated by org.testng.reporters.JUnitReportReporter -->
<testsuite hostname="Subs-Machine" failures="0" tests="3" name="test.TestNgDay4" time="0.004" errors="0" timestamp="2022-05-06T21:04:29 IST" skipped="0">
  <testcase classname="test.TestNgDay4" name="webLoginHomeLoan" time="0.002"/>
  <system-out/>
  <testcase classname="test.TestNgDay4" name="apiLoginHomeLoan" time="0.001"/>
  <system-out/>
  <testcase classname="test.TestNgDay4" name="mobileLoginHomeLoan" time="0.001"/>
  <system-out/>
</testsuite> <!-- test.TestNgDay4 -->
